This is LuaTeX, Version 1.11.2 (MiKTeX 2.9.7250 64-bit)  (format=lualatex 2020.6.20)  11 JAN 2021 18:35
 restricted system commands enabled.
**"Compte Rendu.tex"
("./Compte Rendu.tex"
LaTeX2e <2019-10-01> patch level 3
Lua module: luaotfload-main 2019-11-10 3.11 luaotfload entry point
Lua module: luaotfload-init 2019-11-10 3.11 luaotfload submodule / initializatio
n
Lua module: lualibs 2019-11-06 2.69 ConTeXt Lua standard libraries.
Lua module: lualibs-extended 2019-11-06 2.69 ConTeXt Lua libraries -- extended c
ollection.
Lua module: luaotfload-log 2019-11-10 3.11 luaotfload submodule / logging
Lua module: luaotfload-parsers 2019-11-10 3.11 luaotfload submodule / filelist
Lua module: luaotfload-configuration 2019-11-10 3.11 luaotfload submodule / conf
ig file reader
luaotfload | conf : Root cache directory is C:/Users/Etude/AppData/Local/MiKTeX/
2.9/luatex-cache/generic/names.
luaotfload | init : Loading fontloader “fontloader-2019-10-29.lua” from kpse
-resolved path “C:/Program Files/MiKTeX 2.9/tex/luatex/luaotfload/fontloader-2
019-10-29.lua”.
Lua-only attribute luaotfload@state = 2
Lua-only attribute luaotfload@noligature = 3
Lua-only attribute luaotfload@syllabe = 4
luaotfload | init : Context OpenType loader version “3.11”
Inserting `luaotfload.node_processor' at position 1 in `pre_linebreak_filter'.
Inserting `luaotfload.node_processor' at position 1 in `hpack_filter'.
Lua module: luaotfload-loaders 2019-11-10 3.11 luaotfload submodule / callback h
andling
Inserting `luaotfload.define_font' at position 1 in `define_font'.
Lua module: luaotfload-database 2019-11-10 3.11 luaotfload submodule / database
Lua module: luaotfload-unicode 2019-11-10 3.11 luaotfload submodule / Unicode he
lpers
Lua module: luaotfload-colors 2019-11-10 3.11 luaotfload submodule / color
Lua-only attribute luaotfload_color_attribute = 5
Lua module: luaotfload-resolvers 2019-11-10 3.11 luaotfload submodule / resolver
s
luaotfload | conf : Root cache directory is C:/Users/Etude/AppData/Local/MiKTeX/
2.9/luatex-cache/generic/names.
Lua module: luaotfload-features 2019-11-10 3.11 luaotfload submodule / features
Lua module: luaotfload-letterspace 2019-11-10 3.11 luaotfload submodule / color
Lua module: luaotfload-embolden 2019-11-10 3.11 luaotfload submodule / color
Lua module: luaotfload-notdef 2019-11-10 3.11 luaotfload submodule / color
Lua module: luaotfload-auxiliary 2019-11-10 3.11 luaotfload submodule / auxiliar
y functions
Inserting `luaotfload.aux.set_sscale_dimens' at position 1 in `luaotfload.patch_
font'.
Inserting `luaotfload.aux.set_font_index' at position 2 in `luaotfload.patch_fon
t'.
Inserting `luaotfload.aux.patch_cambria_domh' at position 3 in `luaotfload.patch
_font'.
Inserting `luaotfload.aux.fixup_fontdata' at position 1 in `luaotfload.patch_fon
t_unsafe'.
Inserting `luaotfload.aux.set_capheight' at position 4 in `luaotfload.patch_font
'.
Inserting `luaotfload.aux.set_xheight' at position 5 in `luaotfload.patch_font'.
Lua module: luaotfload-multiscript 2019-11-10 3.11 luaotfload submodule / multis
cript
Lua module: luaotfload-tounicode 2019-11-10 3.11 luaotfload submodule / tounicod
e
Inserting `luaotfload.rewrite_fontname' at position 6 in `luaotfload.patch_font'
.
luaotfload | main : initialization completed in 2.413 seconds
("C:/Program Files/MiKTeX 2.9/tex/latex/base/report.cls"
Document Class: report 2019/10/25 v1.4k Standard LaTeX document class
("C:/Program Files/MiKTeX 2.9/tex/latex/base/size10.clo"
File: size10.clo 2019/10/25 v1.4k Standard LaTeX file (size option)
luaotfload | db : Font names database loaded from C:/Users/Etude/AppData/Local/M
iKTeX/2.9/luatex-cache/generic/names/luaotfload-names.luc)
\c@part=\count80
\c@chapter=\count81
\c@section=\count82
\c@subsection=\count83
\c@subsubsection=\count84
\c@paragraph=\count85
\c@subparagraph=\count86
\c@figure=\count87
\c@table=\count88
\abovecaptionskip=\skip41
\belowcaptionskip=\skip42
\bibindent=\dimen102
)
(C:/Users/Etude/AppData/Roaming/MiKTeX/2.9/tex/lualatex/luatextra/luatextra.sty
Package: luatextra 2010/10/10 v1.0 Loading usual LuaLaTeX packages
("C:/Program Files/MiKTeX 2.9/tex/generic/iftex/ifluatex.sty"
Package: ifluatex 2019/10/25 v1.5 ifluatex legacy package. Use iftex instead.

("C:/Program Files/MiKTeX 2.9/tex/generic/iftex/iftex.sty"
Package: iftex 2019/11/07 v1.0c TeX engine tests
))
("C:/Program Files/MiKTeX 2.9/tex/latex/fontspec/fontspec.sty"
("C:/Program Files/MiKTeX 2.9/tex/latex/l3packages/xparse/xparse.sty"
("C:/Program Files/MiKTeX 2.9/tex/latex/l3kernel/expl3.sty"
Package: expl3 2020-01-12 L3 programming layer (loader) 

("C:/Program Files/MiKTeX 2.9/tex/latex/l3kernel/expl3-code.tex"
Package: expl3 2020-01-12 L3 programming layer (code)
\c_max_int=\count89
\l_tmpa_int=\count90
\l_tmpb_int=\count91
\g_tmpa_int=\count92
\g_tmpb_int=\count93
\l__seq_internal_a_int=\count94
\l__seq_internal_b_int=\count95
\g__kernel_prg_map_int=\count96
\c__ior_term_noprompt_ior=\count97
\c_log_iow=\count98
\l_iow_line_count_int=\count99
\l__iow_line_target_int=\count100
\l__iow_one_indent_int=\count101
\l__iow_indent_int=\count102
\c_zero_dim=\dimen103
\c_max_dim=\dimen104
\l_tmpa_dim=\dimen105
\l_tmpb_dim=\dimen106
\g_tmpa_dim=\dimen107
\g_tmpb_dim=\dimen108
\c_zero_skip=\skip43
\c_max_skip=\skip44
\l_tmpa_skip=\skip45
\l_tmpb_skip=\skip46
\g_tmpa_skip=\skip47
\g_tmpb_skip=\skip48
\c_zero_muskip=\muskip10
\c_max_muskip=\muskip11
\l_tmpa_muskip=\muskip12
\l_tmpb_muskip=\muskip13
\g_tmpa_muskip=\muskip14
\g_tmpb_muskip=\muskip15
\l_keys_choice_int=\count103
\l__intarray_loop_int=\count104
\c__intarray_sp_dim=\dimen109
\g__intarray_font_int=\count105
\c__fp_leading_shift_int=\count106
\c__fp_middle_shift_int=\count107
\c__fp_trailing_shift_int=\count108
\c__fp_big_leading_shift_int=\count109
\c__fp_big_middle_shift_int=\count110
\c__fp_big_trailing_shift_int=\count111
\c__fp_Bigg_leading_shift_int=\count112
\c__fp_Bigg_middle_shift_int=\count113
\c__fp_Bigg_trailing_shift_int=\count114
\g__fp_array_int=\count115
\l__fp_array_loop_int=\count116
\l__sort_length_int=\count117
\l__sort_min_int=\count118
\l__sort_top_int=\count119
\l__sort_max_int=\count120
\l__sort_true_max_int=\count121
\l__sort_block_int=\count122
\l__sort_begin_int=\count123
\l__sort_end_int=\count124
\l__sort_A_int=\count125
\l__sort_B_int=\count126
\l__sort_C_int=\count127
\l__str_internal_int=\count128
\l__tl_analysis_normal_int=\count129
\l__tl_analysis_index_int=\count130
\l__tl_analysis_nesting_int=\count131
\l__tl_analysis_type_int=\count132
\l__regex_internal_a_int=\count133
\l__regex_internal_b_int=\count134
\l__regex_internal_c_int=\count135
\l__regex_balance_int=\count136
\l__regex_group_level_int=\count137
\l__regex_mode_int=\count138
\c__regex_cs_in_class_mode_int=\count139
\c__regex_cs_mode_int=\count140
\l__regex_catcodes_int=\count141
\l__regex_default_catcodes_int=\count142
\c__regex_catcode_L_int=\count143
\c__regex_catcode_O_int=\count144
\c__regex_catcode_A_int=\count145
\c__regex_all_catcodes_int=\count146
\l__regex_show_lines_int=\count147
\l__regex_min_state_int=\count148
\l__regex_max_state_int=\count149
\l__regex_left_state_int=\count150
\l__regex_right_state_int=\count151
\l__regex_capturing_group_int=\count152
\l__regex_min_pos_int=\count153
\l__regex_max_pos_int=\count154
\l__regex_curr_pos_int=\count155
\l__regex_start_pos_int=\count156
\l__regex_success_pos_int=\count157
\l__regex_curr_char_int=\count158
\l__regex_curr_catcode_int=\count159
\l__regex_last_char_int=\count160
\l__regex_case_changed_char_int=\count161
\l__regex_curr_state_int=\count162
\l__regex_step_int=\count163
\l__regex_min_active_int=\count164
\l__regex_max_active_int=\count165
\l__regex_replacement_csnames_int=\count166
\l__regex_match_count_int=\count167
\l__regex_min_submatch_int=\count168
\l__regex_submatch_int=\count169
\l__regex_zeroth_submatch_int=\count170
\g__regex_trace_regex_int=\count171
\c_empty_box=\box27
\l_tmpa_box=\box28
\l_tmpb_box=\box29
\g_tmpa_box=\box30
\g_tmpb_box=\box31
\l__box_top_dim=\dimen110
\l__box_bottom_dim=\dimen111
\l__box_left_dim=\dimen112
\l__box_right_dim=\dimen113
\l__box_top_new_dim=\dimen114
\l__box_bottom_new_dim=\dimen115
\l__box_left_new_dim=\dimen116
\l__box_right_new_dim=\dimen117
\l__box_internal_box=\box32
\l__coffin_internal_box=\box33
\l__coffin_internal_dim=\dimen118
\l__coffin_offset_x_dim=\dimen119
\l__coffin_offset_y_dim=\dimen120
\l__coffin_x_dim=\dimen121
\l__coffin_y_dim=\dimen122
\l__coffin_x_prime_dim=\dimen123
\l__coffin_y_prime_dim=\dimen124
\c_empty_coffin=\box34
\l__coffin_aligned_coffin=\box35
\l__coffin_aligned_internal_coffin=\box36
\l_tmpa_coffin=\box37
\l_tmpb_coffin=\box38
\g_tmpa_coffin=\box39
\g_tmpb_coffin=\box40
\l__coffin_bounding_shift_dim=\dimen125
\l__coffin_left_corner_dim=\dimen126
\l__coffin_right_corner_dim=\dimen127
\l__coffin_bottom_corner_dim=\dimen128
\l__coffin_top_corner_dim=\dimen129
\l__coffin_scaled_total_height_dim=\dimen130
\l__coffin_scaled_width_dim=\dimen131
\c__coffin_empty_coffin=\box41
\l__coffin_display_coffin=\box42
\l__coffin_display_coord_coffin=\box43
\l__coffin_display_pole_coffin=\box44
\l__coffin_display_offset_dim=\dimen132
\l__coffin_display_x_dim=\dimen133
\l__coffin_display_y_dim=\dimen134
\g__char_data_ior=\read1

("C:/Program Files/MiKTeX 2.9/tex/latex/l3kernel/l3deprecation.def"
File: l3deprecation.def 2019-04-06 v L3 Deprecated functions
))
("C:/Program Files/MiKTeX 2.9/tex/latex/l3backend/l3backend-pdfmode.def"
File: l3backend-pdfmode.def 2019-04-06 L3 backend support: PDF mode
\l__kernel_color_stack_int=\count172
\l__pdf_internal_box=\box45
))
Package: xparse 2020-01-12 L3 Experimental document command parser
\l__xparse_current_arg_int=\count173
\g__xparse_grabber_int=\count174
\l__xparse_m_args_int=\count175
\l__xparse_v_nesting_int=\count176
)
Package: fontspec 2020/01/09 v2.7e Font selection for XeLaTeX and LuaLaTeX
Lua module: fontspec 2020/01/09 2.7e Font selection for XeLaTeX and LuaLaTeX
("C:/Program Files/MiKTeX 2.9/tex/latex/fontspec/fontspec-luatex.sty"
Package: fontspec-luatex 2020/01/09 v2.7e Font selection for XeLaTeX and LuaLaTe
X
\l__fontspec_script_int=\count177
\l__fontspec_language_int=\count178
\l__fontspec_strnum_int=\count179
\l__fontspec_tmp_int=\count180
\l__fontspec_tmpa_int=\count181
\l__fontspec_tmpb_int=\count182
\l__fontspec_tmpc_int=\count183
\l__fontspec_em_int=\count184
\l__fontspec_emdef_int=\count185
\l__fontspec_strong_int=\count186
\l__fontspec_strongdef_int=\count187
\l__fontspec_tmpa_dim=\dimen135
\l__fontspec_tmpb_dim=\dimen136
\l__fontspec_tmpc_dim=\dimen137

("C:/Program Files/MiKTeX 2.9/tex/latex/base/fontenc.sty"
Package: fontenc 2018/08/11 v2.0j Standard LaTeX package

("C:/Program Files/MiKTeX 2.9/tex/latex/base/tuenc.def"
File: tuenc.def 2018/08/11 v2.0j Standard LaTeX file
LaTeX Font Info:    Redeclaring font encoding TU on input line 82.
))
("C:/Program Files/MiKTeX 2.9/tex/latex/fontspec/fontspec.cfg")
LaTeX Info: Redefining \itshape on input line 3858.
LaTeX Info: Redefining \slshape on input line 3858.
LaTeX Info: Redefining \scshape on input line 3858.
LaTeX Info: Redefining \upshape on input line 3858.
LaTeX Info: Redefining \em on input line 3858.
LaTeX Info: Redefining \emph on input line 3858.
))
(C:/Users/Etude/AppData/Roaming/MiKTeX/2.9/tex/luatex/luatexbase/luatexbase.sty
Package: luatexbase 2015/10/04 v1.3 luatexbase interface to LuaTeX 

(C:/Users/Etude/AppData/Roaming/MiKTeX/2.9/tex/luatex/ctablestack/ctablestack.s
ty
Package: ctablestack 2015/10/01 v1.0 Catcode table stable support
\@catcodetablestackcnt=\count188
)
\CatcodeTableOther=\catcodetable5
\CatcodeTableExpl=\catcodetable6
) (C:/Users/Etude/AppData/Roaming/MiKTeX/2.9/tex/latex/metalogo/metalogo.sty
Package: metalogo 2010/05/29 v0.12 Extended TeX logo macros
("C:/Program Files/MiKTeX 2.9/tex/latex/graphics/graphicx.sty"
Package: graphicx 2017/06/01 v1.1a Enhanced LaTeX Graphics (DPC,SPQR)

("C:/Program Files/MiKTeX 2.9/tex/latex/graphics/keyval.sty"
Package: keyval 2014/10/28 v1.15 key=value parser (DPC)
\KV@toks@=\toks14
)
("C:/Program Files/MiKTeX 2.9/tex/latex/graphics/graphics.sty"
Package: graphics 2019/11/01 v1.3d Standard LaTeX Graphics (DPC,SPQR)

("C:/Program Files/MiKTeX 2.9/tex/latex/graphics/trig.sty"
Package: trig 2016/01/03 v1.10 sin cos tan (DPC)
)
("C:/Program Files/MiKTeX 2.9/tex/latex/graphics-cfg/graphics.cfg"
File: graphics.cfg 2016/06/04 v1.11 sample graphics configuration
)
Package graphics Info: Driver file: luatex.def on input line 105.

("C:/Program Files/MiKTeX 2.9/tex/latex/graphics-def/luatex.def"
File: luatex.def 2018/01/08 v1.0l Graphics/color driver for luatex
))
\Gin@req@height=\dimen138
\Gin@req@width=\dimen139
)
("C:/Program Files/MiKTeX 2.9/tex/generic/iftex/ifxetex.sty"
Package: ifxetex 2019/10/25 v0.7 ifxetex legacy package. Use iftex instead.
)
\xl@everylogo=\toks15
\xl@@everylogo=\toks16
LaTeX Info: Redefining \TeX on input line 193.
LaTeX Info: Redefining \LaTeX on input line 202.
LaTeX Info: Redefining \LaTeXe on input line 219.
)
(C:/Users/Etude/AppData/Roaming/MiKTeX/2.9/tex/lualatex/luacode/luacode.sty
Package: luacode 2012/01/23 v1.2a lua-in-tex helpers (mpg)
\luacode@lines=\toks17
\luacode@table@soft=\catcodetable7
)
("C:/Program Files/MiKTeX 2.9/tex/latex/base/fixltx2e.sty"
Package: fixltx2e 2016/12/29 v2.1a fixes to LaTeX (obsolete)
Applying: [2015/01/01] Old fixltx2e package on input line 46.


Package fixltx2e Warning: fixltx2e is not required with releases after 2015
(fixltx2e)                All fixes are now in the LaTeX kernel.
(fixltx2e)                See the latexrelease package for details.

Already applied: [0000/00/00] Old fixltx2e package on input line 53.
)) (C:/Users/Etude/AppData/Roaming/MiKTeX/2.9/tex/latex/geometry/geometry.sty
Package: geometry 2020/01/02 v5.9 Page Geometry

("C:/Program Files/MiKTeX 2.9/tex/generic/iftex/ifvtex.sty"
Package: ifvtex 2019/10/25 v1.7 ifvtex legacy package. Use iftex instead.
)
\Gm@cnth=\count189
\Gm@cntv=\count190
\c@Gm@tempcnt=\count191
\Gm@bindingoffset=\dimen140
\Gm@wd@mp=\dimen141
\Gm@odd@mp=\dimen142
\Gm@even@mp=\dimen143
\Gm@layoutwidth=\dimen144
\Gm@layoutheight=\dimen145
\Gm@layouthoffset=\dimen146
\Gm@layoutvoffset=\dimen147
\Gm@dimlist=\toks18

(C:/Users/Etude/AppData/Roaming/MiKTeX/2.9/tex/latex/geometry/geometry.cfg))
("C:/Program Files/MiKTeX 2.9/tex/generic/babel/babel.sty"
Package: babel 2020/01/15 3.38 The Babel package

("C:/Program Files/MiKTeX 2.9/tex/generic/babel/switch.def"
File: switch.def 2020/01/15 3.38 Babel switching mechanism
)
("C:/Program Files/MiKTeX 2.9/tex/generic/babel/luababel.def"
\bbl@readstream=\read2
\l@afrikaans=\language2
Package babel Info: Non-standard hyphenation setup on input line 117.
\l@ancientgreek=\language3
\l@armenian=\language4
\l@assamese=\language5
\l@basque=\language6
\l@belarusian=\language7
\l@bengali=\language8
\l@bokmal=\language9
\l@bulgarian=\language10
\l@catalan=\language11
\l@churchslavonic=\language12
\l@classiclatin=\language13
\l@coptic=\language14
\l@croatian=\language15
\l@czech=\language16
\l@danish=\language17
\l@dutch=\language18
\l@esperanto=\language19
\l@estonian=\language20
\l@ethiopic=\language21
\l@finnish=\language22
\l@french=\language23
\l@friulan=\language24
\l@galician=\language25
\l@georgian=\language26
\l@german=\language27
\l@greek=\language28
\l@gujarati=\language29
\l@hindi=\language30
\l@hungarian=\language31
\l@icelandic=\language32
\l@indonesian=\language33
\l@interlingua=\language34
\l@irish=\language35
\l@italian=\language36
\l@kannada=\language37
\l@kurmanji=\language38
\l@latin=\language39
\l@latvian=\language40
\l@lithuanian=\language41
\l@liturgicallatin=\language42
\l@malayalam=\language43
\l@marathi=\language44
\l@mongolian=\language45
\l@mongolianlmc=\language46
\l@monogreek=\language47
\l@ngerman=\language48
\l@nynorsk=\language49
\l@occitan=\language50
\l@oriya=\language51
\l@pali=\language52
\l@panjabi=\language53
\l@piedmontese=\language54
\l@polish=\language55
\l@portuguese=\language56
\l@romanian=\language57
\l@romansh=\language58
\l@russian=\language59
\l@sanskrit=\language60
\l@serbian=\language61
\l@serbianc=\language62
\l@slovak=\language63
\l@slovenian=\language64
\l@spanish=\language65
\l@swedish=\language66
\l@swissgerman=\language67
\l@tamil=\language68
\l@telugu=\language69
\l@thai=\language70
\l@turkish=\language71
\l@turkmen=\language72
\l@ukenglish=\language73
\l@ukrainian=\language74
\l@uppersorbian=\language75
\l@usenglishmax=\language76
\l@welsh=\language77
)
*************************************
* Local config file bblopts.cfg used
*
("C:/Program Files/MiKTeX 2.9/tex/latex/arabi/bblopts.cfg"
File: bblopts.cfg 2005/09/08 v0.1 add Arabic and Farsi to "declared" options of 
babel
)
(C:/Users/Etude/AppData/Roaming/MiKTeX/2.9/tex/generic/babel-french/french.ldf
Language: french 2020/10/10 v3.5l French support from the babel system

("C:/Program Files/MiKTeX 2.9/tex/generic/babel/babel.def"
File: babel.def 2020/01/15 3.38 Babel common definitions
\babel@savecnt=\count192
\U@D=\dimen148

("C:/Program Files/MiKTeX 2.9/tex/generic/babel/luababel.def"
\bbl@attr@locale=\attribute6
))
Package babel Info: \l@acadian = using hyphenrules for french
(babel)             (\language23) on input line 91.
Package babel Info: \l@canadien = using hyphenrules for french
(babel)             (\language23) on input line 92.
\FB@nonchar=\count193
\FB@spacing=\attribute7
\FB@addDPspace=\attribute8
\FB@addGUILspace=\attribute9
\FB@ucsNBSP=\attribute10
\FB@dialect=\attribute11
Package french.ldf Info: No need for active punctuation characters
(french.ldf)             with this version of LuaTeX!
(french.ldf)             reported on input line 254.
\FBguill@level=\count194
\FBold@everypar=\toks19
\FB@Mht=\dimen149
\mc@charclass=\count195
\mc@charfam=\count196
\mc@charslot=\count197
\std@mcc=\count198
\dec@mcc=\count199
Inserting `frenchb.french_punctuation' at position 1 in `kerning'.
\listindentFB=\dimen150
\descindentFB=\dimen151
\labelindentFB=\dimen152
\labelwidthFB=\dimen153
\leftmarginFB=\dimen154
\parindentFFN=\dimen155
\FBfnindent=\dimen156

("C:/Program Files/MiKTeX 2.9/tex/generic/hyph-utf8/loadhyph/loadhyph-fr.tex"
UTF-8 French hyphenation patterns
("C:/Program Files/MiKTeX 2.9/tex/generic/hyph-utf8/patterns/tex/hyph-fr.tex")
("C:/Program Files/MiKTeX 2.9/tex/generic/hyph-utf8/patterns/quote/hyph-quote-f
r.tex"))))
(C:/Users/Etude/AppData/Roaming/MiKTeX/2.9/tex/latex/carlisle/scalefnt.sty)
(C:/Users/Etude/AppData/Roaming/MiKTeX/2.9/tex/latex/fancyhdr/fancyhdr.sty
Package: fancyhdr 2019/01/31 v3.10 Extensive control of page headers and footers

\f@nch@headwidth=\skip49
\f@nch@O@elh=\skip50
\f@nch@O@erh=\skip51
\f@nch@O@olh=\skip52
\f@nch@O@orh=\skip53
\f@nch@O@elf=\skip54
\f@nch@O@erf=\skip55
\f@nch@O@olf=\skip56
\f@nch@O@orf=\skip57
)
(C:/Users/Etude/AppData/Roaming/MiKTeX/2.9/tex/latex/lastpage/lastpage.sty
Package: lastpage 2015/03/29 v1.2m Refers to last page's name (HMM; JPG)
)
("C:/Program Files/MiKTeX 2.9/tex/latex/hyperref/hyperref.sty"
Package: hyperref 2019/11/10 v7.00c Hypertext links for LaTeX

(C:/Users/Etude/AppData/Roaming/MiKTeX/2.9/tex/generic/ltxcmds/ltxcmds.sty
Package: ltxcmds 2020-05-10 v1.25 LaTeX kernel commands for general use (HO)
)
("C:/Program Files/MiKTeX 2.9/tex/latex/pdftexcmds/pdftexcmds.sty"
Package: pdftexcmds 2019/11/24 v0.31 Utility functions of pdfTeX for LuaTeX (HO)


(C:/Users/Etude/AppData/Roaming/MiKTeX/2.9/tex/generic/infwarerr/infwarerr.sty
Package: infwarerr 2019/12/03 v1.5 Providing info/warning/error messages (HO)
)
Package pdftexcmds Info: \pdf@primitive is available.
Package pdftexcmds Info: \pdf@ifprimitive is available.
Package pdftexcmds Info: \pdfdraftmode found.
\pdftexcmds@toks=\toks20
)
(C:/Users/Etude/AppData/Roaming/MiKTeX/2.9/tex/generic/kvsetkeys/kvsetkeys.sty
Package: kvsetkeys 2019/12/15 v1.18 Key value parser (HO)
)
(C:/Users/Etude/AppData/Roaming/MiKTeX/2.9/tex/generic/kvdefinekeys/kvdefinekey
s.sty
Package: kvdefinekeys 2019-12-19 v1.6 Define keys (HO)
)
(C:/Users/Etude/AppData/Roaming/MiKTeX/2.9/tex/generic/pdfescape/pdfescape.sty
Package: pdfescape 2019/12/09 v1.15 Implements pdfTeX's escape features (HO)
) (C:/Users/Etude/AppData/Roaming/MiKTeX/2.9/tex/latex/hycolor/hycolor.sty
Package: hycolor 2020-01-27 v1.10 Color options for hyperref/bookmark (HO)
)
(C:/Users/Etude/AppData/Roaming/MiKTeX/2.9/tex/latex/letltxmacro/letltxmacro.st
y
Package: letltxmacro 2019/12/03 v1.6 Let assignment for LaTeX macros (HO)
) (C:/Users/Etude/AppData/Roaming/MiKTeX/2.9/tex/latex/auxhook/auxhook.sty
Package: auxhook 2019-12-17 v1.6 Hooks for auxiliary files (HO)
)
(C:/Users/Etude/AppData/Roaming/MiKTeX/2.9/tex/latex/kvoptions/kvoptions.sty
Package: kvoptions 2020-10-07 v3.14 Key value format for package options (HO)
)
\@linkdim=\dimen157
\Hy@linkcounter=\count266
\Hy@pagecounter=\count267

("C:/Program Files/MiKTeX 2.9/tex/latex/hyperref/pd1enc.def"
File: pd1enc.def 2019/11/10 v7.00c Hyperref: PDFDocEncoding definition (HO)
)
(C:/Users/Etude/AppData/Roaming/MiKTeX/2.9/tex/generic/intcalc/intcalc.sty
Package: intcalc 2019/12/15 v1.3 Expandable calculations with integers (HO)
)
(C:/Users/Etude/AppData/Roaming/MiKTeX/2.9/tex/generic/etexcmds/etexcmds.sty
Package: etexcmds 2019/12/15 v1.7 Avoid name clashes with e-TeX commands (HO)
)
\Hy@SavedSpaceFactor=\count268

("C:/Program Files/MiKTeX 2.9/tex/latex/00miktex/hyperref.cfg"
File: hyperref.cfg 2002/06/06 v1.2 hyperref configuration of TeXLive
)
Package hyperref Info: Hyper figures OFF on input line 4535.
Package hyperref Info: Link nesting OFF on input line 4540.
Package hyperref Info: Hyper index ON on input line 4543.
Package hyperref Info: Plain pages OFF on input line 4550.
Package hyperref Info: Backreferencing OFF on input line 4555.
Package hyperref Info: Implicit mode ON; LaTeX internals redefined.
Package hyperref Info: Bookmarks ON on input line 4788.
\c@Hy@tempcnt=\count269

("C:/Program Files/MiKTeX 2.9/tex/latex/url/url.sty"
\Urlmuskip=\muskip16
Package: url 2013/09/16  ver 3.4  Verb mode for urls, etc.
)
LaTeX Info: Redefining \url on input line 5147.
\XeTeXLinkMargin=\dimen158

(C:/Users/Etude/AppData/Roaming/MiKTeX/2.9/tex/generic/bitset/bitset.sty
Package: bitset 2019/12/09 v1.3 Handle bit-vector datatype (HO)

(C:/Users/Etude/AppData/Roaming/MiKTeX/2.9/tex/generic/bigintcalc/bigintcalc.st
y
Package: bigintcalc 2019/12/15 v1.5 Expandable calculations on big integers (HO)

))
\Fld@menulength=\count270
\Field@Width=\dimen159
\Fld@charsize=\dimen160
Package hyperref Info: Hyper figures OFF on input line 6418.
Package hyperref Info: Link nesting OFF on input line 6423.
Package hyperref Info: Hyper index ON on input line 6426.
Package hyperref Info: backreferencing OFF on input line 6433.
Package hyperref Info: Link coloring OFF on input line 6438.
Package hyperref Info: Link coloring with OCG OFF on input line 6443.
Package hyperref Info: PDF/A mode OFF on input line 6448.
LaTeX Info: Redefining \ref on input line 6488.
LaTeX Info: Redefining \pageref on input line 6492.

(C:/Users/Etude/AppData/Roaming/MiKTeX/2.9/tex/generic/atbegshi/atbegshi.sty
Package: atbegshi 2019/12/05 v1.19 At begin shipout hook (HO)
)
\Hy@abspage=\count271
\c@Item=\count272
\c@Hfootnote=\count273
)
Package hyperref Info: Driver (autodetected): hluatex.

("C:/Program Files/MiKTeX 2.9/tex/latex/hyperref/hluatex.def"
File: hluatex.def 2019/11/10 v7.00c Hyperref driver for luaTeX

("C:/Program Files/MiKTeX 2.9/tex/latex/hyperref/puenc.def"
File: puenc.def 2019/11/10 v7.00c Hyperref: PDF Unicode definition (HO)
)
(C:/Users/Etude/AppData/Roaming/MiKTeX/2.9/tex/generic/stringenc/stringenc.sty
Package: stringenc 2019/11/29 v1.12 Convert strings between diff. encodings (HO)

) (C:/Users/Etude/AppData/Roaming/MiKTeX/2.9/tex/latex/atveryend/atveryend.sty
Package: atveryend 2019-12-11 v1.11 Hooks at the very end of document (HO)
Package atveryend Info: \enddocument detected (standard20110627).
)
\Fld@listcount=\count274
\c@bookmark@seq@number=\count275

(C:/Users/Etude/AppData/Roaming/MiKTeX/2.9/tex/latex/rerunfilecheck/rerunfilech
eck.sty
Package: rerunfilecheck 2019/12/05 v1.9 Rerun checks for auxiliary files (HO)

(C:/Users/Etude/AppData/Roaming/MiKTeX/2.9/tex/generic/uniquecounter/uniquecoun
ter.sty
Package: uniquecounter 2019/12/15 v1.4 Provide unlimited unique counter (HO)
)
Package uniquecounter Info: New unique counter `rerunfilecheck' on input line 28
6.
)
\Hy@SectionHShift=\skip58
)
(C:/Users/Etude/AppData/Roaming/MiKTeX/2.9/tex/latex/smartdiagram/smartdiagram.
sty
Package: smartdiagram 2016/12/23 v0.3b Automatic creation of smart diagrams from
 lists of items.

(C:/Users/Etude/AppData/Roaming/MiKTeX/2.9/tex/latex/pgf/frontendlayer/tikz.sty
(C:/Users/Etude/AppData/Roaming/MiKTeX/2.9/tex/latex/pgf/basiclayer/pgf.sty
(C:/Users/Etude/AppData/Roaming/MiKTeX/2.9/tex/latex/pgf/utilities/pgfrcs.sty
(C:/Users/Etude/AppData/Roaming/MiKTeX/2.9/tex/generic/pgf/utilities/pgfutil-co
mmon.tex
\pgfutil@everybye=\toks21
\pgfutil@tempdima=\dimen161
\pgfutil@tempdimb=\dimen162

(C:/Users/Etude/AppData/Roaming/MiKTeX/2.9/tex/generic/pgf/utilities/pgfutil-co
mmon-lists.tex))
(C:/Users/Etude/AppData/Roaming/MiKTeX/2.9/tex/generic/pgf/utilities/pgfutil-la
tex.def
\pgfutil@abb=\box46
 ("C:/Program Files/MiKTeX 2.9/tex/latex/ms/everyshi.sty"
Package: everyshi 2001/05/15 v3.00 EveryShipout Package (MS)
))
(C:/Users/Etude/AppData/Roaming/MiKTeX/2.9/tex/generic/pgf/utilities/pgfrcs.cod
e.tex
(C:/Users/Etude/AppData/Roaming/MiKTeX/2.9/tex/generic/pgf/pgf.revision.tex)
Package: pgfrcs 2020/12/27 v3.1.8b (3.1.8b)
))
Package: pgf 2020/12/27 v3.1.8b (3.1.8b)

(C:/Users/Etude/AppData/Roaming/MiKTeX/2.9/tex/latex/pgf/basiclayer/pgfcore.sty

(C:/Users/Etude/AppData/Roaming/MiKTeX/2.9/tex/latex/pgf/systemlayer/pgfsys.sty

(C:/Users/Etude/AppData/Roaming/MiKTeX/2.9/tex/generic/pgf/systemlayer/pgfsys.c
ode.tex
Package: pgfsys 2020/12/27 v3.1.8b (3.1.8b)

(C:/Users/Etude/AppData/Roaming/MiKTeX/2.9/tex/generic/pgf/utilities/pgfkeys.co
de.tex
\pgfkeys@pathtoks=\toks22
\pgfkeys@temptoks=\toks23

(C:/Users/Etude/AppData/Roaming/MiKTeX/2.9/tex/generic/pgf/utilities/pgfkeysfil
tered.code.tex
\pgfkeys@tmptoks=\toks24
))
\pgf@x=\dimen163
\pgf@y=\dimen164
\pgf@xa=\dimen165
\pgf@ya=\dimen166
\pgf@xb=\dimen167
\pgf@yb=\dimen168
\pgf@xc=\dimen169
\pgf@yc=\dimen170
\pgf@xd=\dimen171
\pgf@yd=\dimen172
\w@pgf@writea=\write3
\r@pgf@reada=\read3
\c@pgf@counta=\count276
\c@pgf@countb=\count277
\c@pgf@countc=\count278
\c@pgf@countd=\count279
\t@pgf@toka=\toks25
\t@pgf@tokb=\toks26
\t@pgf@tokc=\toks27
\pgf@sys@id@count=\count280

(C:/Users/Etude/AppData/Roaming/MiKTeX/2.9/tex/generic/pgf/systemlayer/pgf.cfg
File: pgf.cfg 2020/12/27 v3.1.8b (3.1.8b)
)
Driver file for pgf: pgfsys-luatex.def

(C:/Users/Etude/AppData/Roaming/MiKTeX/2.9/tex/generic/pgf/systemlayer/pgfsys-l
uatex.def
File: pgfsys-luatex.def 2020/12/27 v3.1.8b (3.1.8b)

(C:/Users/Etude/AppData/Roaming/MiKTeX/2.9/tex/generic/pgf/systemlayer/pgfsys-c
ommon-pdf.def
File: pgfsys-common-pdf.def 2020/12/27 v3.1.8b (3.1.8b)
)))
(C:/Users/Etude/AppData/Roaming/MiKTeX/2.9/tex/generic/pgf/systemlayer/pgfsysso
ftpath.code.tex
File: pgfsyssoftpath.code.tex 2020/12/27 v3.1.8b (3.1.8b)
\pgfsyssoftpath@smallbuffer@items=\count281
\pgfsyssoftpath@bigbuffer@items=\count282
)
(C:/Users/Etude/AppData/Roaming/MiKTeX/2.9/tex/generic/pgf/systemlayer/pgfsyspr
otocol.code.tex
File: pgfsysprotocol.code.tex 2020/12/27 v3.1.8b (3.1.8b)
)) ("C:/Program Files/MiKTeX 2.9/tex/latex/xcolor/xcolor.sty"
Package: xcolor 2016/05/11 v2.12 LaTeX color extensions (UK)

("C:/Program Files/MiKTeX 2.9/tex/latex/graphics-cfg/color.cfg"
File: color.cfg 2016/01/02 v1.6 sample color configuration
)
Package xcolor Info: Driver file: luatex.def on input line 225.
Package xcolor Info: Model `cmy' substituted by `cmy0' on input line 1348.
Package xcolor Info: Model `hsb' substituted by `rgb' on input line 1352.
Package xcolor Info: Model `RGB' extended on input line 1364.
Package xcolor Info: Model `HTML' substituted by `rgb' on input line 1366.
Package xcolor Info: Model `Hsb' substituted by `hsb' on input line 1367.
Package xcolor Info: Model `tHsb' substituted by `hsb' on input line 1368.
Package xcolor Info: Model `HSB' substituted by `hsb' on input line 1369.
Package xcolor Info: Model `Gray' substituted by `gray' on input line 1370.
Package xcolor Info: Model `wave' substituted by `hsb' on input line 1371.
)
(C:/Users/Etude/AppData/Roaming/MiKTeX/2.9/tex/generic/pgf/basiclayer/pgfcore.c
ode.tex
Package: pgfcore 2020/12/27 v3.1.8b (3.1.8b)

(C:/Users/Etude/AppData/Roaming/MiKTeX/2.9/tex/generic/pgf/math/pgfmath.code.te
x
(C:/Users/Etude/AppData/Roaming/MiKTeX/2.9/tex/generic/pgf/math/pgfmathcalc.cod
e.tex
(C:/Users/Etude/AppData/Roaming/MiKTeX/2.9/tex/generic/pgf/math/pgfmathutil.cod
e.tex)
(C:/Users/Etude/AppData/Roaming/MiKTeX/2.9/tex/generic/pgf/math/pgfmathparser.c
ode.tex
\pgfmath@dimen=\dimen173
\pgfmath@count=\count283
\pgfmath@box=\box47
\pgfmath@toks=\toks28
\pgfmath@stack@operand=\toks29
\pgfmath@stack@operation=\toks30
)
(C:/Users/Etude/AppData/Roaming/MiKTeX/2.9/tex/generic/pgf/math/pgfmathfunction
s.code.tex
(C:/Users/Etude/AppData/Roaming/MiKTeX/2.9/tex/generic/pgf/math/pgfmathfunction
s.basic.code.tex)
(C:/Users/Etude/AppData/Roaming/MiKTeX/2.9/tex/generic/pgf/math/pgfmathfunction
s.trigonometric.code.tex)
(C:/Users/Etude/AppData/Roaming/MiKTeX/2.9/tex/generic/pgf/math/pgfmathfunction
s.random.code.tex)
(C:/Users/Etude/AppData/Roaming/MiKTeX/2.9/tex/generic/pgf/math/pgfmathfunction
s.comparison.code.tex)
(C:/Users/Etude/AppData/Roaming/MiKTeX/2.9/tex/generic/pgf/math/pgfmathfunction
s.base.code.tex)
(C:/Users/Etude/AppData/Roaming/MiKTeX/2.9/tex/generic/pgf/math/pgfmathfunction
s.round.code.tex)
(C:/Users/Etude/AppData/Roaming/MiKTeX/2.9/tex/generic/pgf/math/pgfmathfunction
s.misc.code.tex)
(C:/Users/Etude/AppData/Roaming/MiKTeX/2.9/tex/generic/pgf/math/pgfmathfunction
s.integerarithmetics.code.tex)))
(C:/Users/Etude/AppData/Roaming/MiKTeX/2.9/tex/generic/pgf/math/pgfmathfloat.co
de.tex
\c@pgfmathroundto@lastzeros=\count284
))
(C:/Users/Etude/AppData/Roaming/MiKTeX/2.9/tex/generic/pgf/math/pgfint.code.tex
)
(C:/Users/Etude/AppData/Roaming/MiKTeX/2.9/tex/generic/pgf/basiclayer/pgfcorepo
ints.code.tex
File: pgfcorepoints.code.tex 2020/12/27 v3.1.8b (3.1.8b)
\pgf@picminx=\dimen174
\pgf@picmaxx=\dimen175
\pgf@picminy=\dimen176
\pgf@picmaxy=\dimen177
\pgf@pathminx=\dimen178
\pgf@pathmaxx=\dimen179
\pgf@pathminy=\dimen180
\pgf@pathmaxy=\dimen181
\pgf@xx=\dimen182
\pgf@xy=\dimen183
\pgf@yx=\dimen184
\pgf@yy=\dimen185
\pgf@zx=\dimen186
\pgf@zy=\dimen187
)
(C:/Users/Etude/AppData/Roaming/MiKTeX/2.9/tex/generic/pgf/basiclayer/pgfcorepa
thconstruct.code.tex
File: pgfcorepathconstruct.code.tex 2020/12/27 v3.1.8b (3.1.8b)
\pgf@path@lastx=\dimen188
\pgf@path@lasty=\dimen189
)
(C:/Users/Etude/AppData/Roaming/MiKTeX/2.9/tex/generic/pgf/basiclayer/pgfcorepa
thusage.code.tex
File: pgfcorepathusage.code.tex 2020/12/27 v3.1.8b (3.1.8b)
\pgf@shorten@end@additional=\dimen190
\pgf@shorten@start@additional=\dimen191
)
(C:/Users/Etude/AppData/Roaming/MiKTeX/2.9/tex/generic/pgf/basiclayer/pgfcoresc
opes.code.tex
File: pgfcorescopes.code.tex 2020/12/27 v3.1.8b (3.1.8b)
\pgfpic=\box48
\pgf@hbox=\box49
\pgf@layerbox@main=\box50
\pgf@picture@serial@count=\count285
)
(C:/Users/Etude/AppData/Roaming/MiKTeX/2.9/tex/generic/pgf/basiclayer/pgfcoregr
aphicstate.code.tex
File: pgfcoregraphicstate.code.tex 2020/12/27 v3.1.8b (3.1.8b)
\pgflinewidth=\dimen192
)
(C:/Users/Etude/AppData/Roaming/MiKTeX/2.9/tex/generic/pgf/basiclayer/pgfcoretr
ansformations.code.tex
File: pgfcoretransformations.code.tex 2020/12/27 v3.1.8b (3.1.8b)
\pgf@pt@x=\dimen193
\pgf@pt@y=\dimen194
\pgf@pt@temp=\dimen195
)
(C:/Users/Etude/AppData/Roaming/MiKTeX/2.9/tex/generic/pgf/basiclayer/pgfcorequ
ick.code.tex
File: pgfcorequick.code.tex 2020/12/27 v3.1.8b (3.1.8b)
)
(C:/Users/Etude/AppData/Roaming/MiKTeX/2.9/tex/generic/pgf/basiclayer/pgfcoreob
jects.code.tex
File: pgfcoreobjects.code.tex 2020/12/27 v3.1.8b (3.1.8b)
)
(C:/Users/Etude/AppData/Roaming/MiKTeX/2.9/tex/generic/pgf/basiclayer/pgfcorepa
thprocessing.code.tex
File: pgfcorepathprocessing.code.tex 2020/12/27 v3.1.8b (3.1.8b)
)
(C:/Users/Etude/AppData/Roaming/MiKTeX/2.9/tex/generic/pgf/basiclayer/pgfcorear
rows.code.tex
File: pgfcorearrows.code.tex 2020/12/27 v3.1.8b (3.1.8b)
\pgfarrowsep=\dimen196
)
(C:/Users/Etude/AppData/Roaming/MiKTeX/2.9/tex/generic/pgf/basiclayer/pgfcoresh
ade.code.tex
File: pgfcoreshade.code.tex 2020/12/27 v3.1.8b (3.1.8b)
\pgf@max=\dimen197
\pgf@sys@shading@range@num=\count286
\pgf@shadingcount=\count287
)
(C:/Users/Etude/AppData/Roaming/MiKTeX/2.9/tex/generic/pgf/basiclayer/pgfcoreim
age.code.tex
File: pgfcoreimage.code.tex 2020/12/27 v3.1.8b (3.1.8b)

(C:/Users/Etude/AppData/Roaming/MiKTeX/2.9/tex/generic/pgf/basiclayer/pgfcoreex
ternal.code.tex
File: pgfcoreexternal.code.tex 2020/12/27 v3.1.8b (3.1.8b)
\pgfexternal@startupbox=\box51
))
(C:/Users/Etude/AppData/Roaming/MiKTeX/2.9/tex/generic/pgf/basiclayer/pgfcorela
yers.code.tex
File: pgfcorelayers.code.tex 2020/12/27 v3.1.8b (3.1.8b)
)
(C:/Users/Etude/AppData/Roaming/MiKTeX/2.9/tex/generic/pgf/basiclayer/pgfcoretr
ansparency.code.tex
File: pgfcoretransparency.code.tex 2020/12/27 v3.1.8b (3.1.8b)
)
(C:/Users/Etude/AppData/Roaming/MiKTeX/2.9/tex/generic/pgf/basiclayer/pgfcorepa
tterns.code.tex
File: pgfcorepatterns.code.tex 2020/12/27 v3.1.8b (3.1.8b)
)
(C:/Users/Etude/AppData/Roaming/MiKTeX/2.9/tex/generic/pgf/basiclayer/pgfcorerd
f.code.tex
File: pgfcorerdf.code.tex 2020/12/27 v3.1.8b (3.1.8b)
)))
(C:/Users/Etude/AppData/Roaming/MiKTeX/2.9/tex/generic/pgf/modules/pgfmodulesha
pes.code.tex
File: pgfmoduleshapes.code.tex 2020/12/27 v3.1.8b (3.1.8b)
\pgfnodeparttextbox=\box52
)
(C:/Users/Etude/AppData/Roaming/MiKTeX/2.9/tex/generic/pgf/modules/pgfmoduleplo
t.code.tex
File: pgfmoduleplot.code.tex 2020/12/27 v3.1.8b (3.1.8b)
)
(C:/Users/Etude/AppData/Roaming/MiKTeX/2.9/tex/latex/pgf/compatibility/pgfcomp-
version-0-65.sty
Package: pgfcomp-version-0-65 2020/12/27 v3.1.8b (3.1.8b)
\pgf@nodesepstart=\dimen198
\pgf@nodesepend=\dimen199
)
(C:/Users/Etude/AppData/Roaming/MiKTeX/2.9/tex/latex/pgf/compatibility/pgfcomp-
version-1-18.sty
Package: pgfcomp-version-1-18 2020/12/27 v3.1.8b (3.1.8b)
))
(C:/Users/Etude/AppData/Roaming/MiKTeX/2.9/tex/latex/pgf/utilities/pgffor.sty
(C:/Users/Etude/AppData/Roaming/MiKTeX/2.9/tex/latex/pgf/utilities/pgfkeys.sty
(C:/Users/Etude/AppData/Roaming/MiKTeX/2.9/tex/generic/pgf/utilities/pgfkeys.co
de.tex))
(C:/Users/Etude/AppData/Roaming/MiKTeX/2.9/tex/latex/pgf/math/pgfmath.sty
(C:/Users/Etude/AppData/Roaming/MiKTeX/2.9/tex/generic/pgf/math/pgfmath.code.te
x))
(C:/Users/Etude/AppData/Roaming/MiKTeX/2.9/tex/generic/pgf/utilities/pgffor.cod
e.tex
Package: pgffor 2020/12/27 v3.1.8b (3.1.8b)

(C:/Users/Etude/AppData/Roaming/MiKTeX/2.9/tex/generic/pgf/math/pgfmath.code.te
x)
\pgffor@iter=\dimen256
\pgffor@skip=\dimen257
\pgffor@stack=\toks31
\pgffor@toks=\toks32
))
(C:/Users/Etude/AppData/Roaming/MiKTeX/2.9/tex/generic/pgf/frontendlayer/tikz/t
ikz.code.tex
Package: tikz 2020/12/27 v3.1.8b (3.1.8b)

(C:/Users/Etude/AppData/Roaming/MiKTeX/2.9/tex/generic/pgf/libraries/pgflibrary
plothandlers.code.tex
File: pgflibraryplothandlers.code.tex 2020/12/27 v3.1.8b (3.1.8b)
\pgf@plot@mark@count=\count288
\pgfplotmarksize=\dimen258
)
\tikz@lastx=\dimen259
\tikz@lasty=\dimen260
\tikz@lastxsaved=\dimen261
\tikz@lastysaved=\dimen262
\tikz@lastmovetox=\dimen263
\tikz@lastmovetoy=\dimen264
\tikzleveldistance=\dimen265
\tikzsiblingdistance=\dimen266
\tikz@figbox=\box53
\tikz@figbox@bg=\box54
\tikz@tempbox=\box55
\tikz@tempbox@bg=\box56
\tikztreelevel=\count289
\tikznumberofchildren=\count290
\tikznumberofcurrentchild=\count291
\tikz@fig@count=\count292

(C:/Users/Etude/AppData/Roaming/MiKTeX/2.9/tex/generic/pgf/modules/pgfmodulemat
rix.code.tex
File: pgfmodulematrix.code.tex 2020/12/27 v3.1.8b (3.1.8b)
\pgfmatrixcurrentrow=\count293
\pgfmatrixcurrentcolumn=\count294
\pgf@matrix@numberofcolumns=\count295
)
\tikz@expandcount=\count296

(C:/Users/Etude/AppData/Roaming/MiKTeX/2.9/tex/generic/pgf/frontendlayer/tikz/l
ibraries/tikzlibrarytopaths.code.tex
File: tikzlibrarytopaths.code.tex 2020/12/27 v3.1.8b (3.1.8b)
)))
("C:/Program Files/MiKTeX 2.9/tex/latex/etoolbox/etoolbox.sty"
Package: etoolbox 2019/09/21 v2.5h e-TeX tools for LaTeX (JAW)
\etb@tempcnta=\count297
)
(C:/Users/Etude/AppData/Roaming/MiKTeX/2.9/tex/latex/xstring/xstring.sty
(C:/Users/Etude/AppData/Roaming/MiKTeX/2.9/tex/generic/xstring/xstring.tex
\integerpart=\count298
\decimalpart=\count299
)
Package: xstring 2019/02/06 v1.83 String manipulations (CT)
)
(C:/Users/Etude/AppData/Roaming/MiKTeX/2.9/tex/generic/pgf/frontendlayer/tikz/l
ibraries/tikzlibrarybackgrounds.code.tex
File: tikzlibrarybackgrounds.code.tex 2020/12/27 v3.1.8b (3.1.8b)
\pgf@layerbox@background=\box57
\pgf@layerboxsaved@background=\box58
)
(C:/Users/Etude/AppData/Roaming/MiKTeX/2.9/tex/generic/pgf/frontendlayer/tikz/l
ibraries/tikzlibrarycalc.code.tex
File: tikzlibrarycalc.code.tex 2020/12/27 v3.1.8b (3.1.8b)
)
(C:/Users/Etude/AppData/Roaming/MiKTeX/2.9/tex/generic/pgf/frontendlayer/tikz/l
ibraries/tikzlibraryfadings.code.tex
File: tikzlibraryfadings.code.tex 2020/12/27 v3.1.8b (3.1.8b)

(C:/Users/Etude/AppData/Roaming/MiKTeX/2.9/tex/generic/pgf/libraries/pgflibrary
fadings.code.tex
File: pgflibraryfadings.code.tex 2020/12/27 v3.1.8b (3.1.8b)
))
(C:/Users/Etude/AppData/Roaming/MiKTeX/2.9/tex/generic/pgf/frontendlayer/tikz/l
ibraries/tikzlibraryshadows.code.tex
File: tikzlibraryshadows.code.tex 2020/12/27 v3.1.8b (3.1.8b)
)
(C:/Users/Etude/AppData/Roaming/MiKTeX/2.9/tex/generic/pgf/frontendlayer/tikz/l
ibraries/tikzlibraryshapes.arrows.code.tex
File: tikzlibraryshapes.arrows.code.tex 2020/12/27 v3.1.8b (3.1.8b)

(C:/Users/Etude/AppData/Roaming/MiKTeX/2.9/tex/generic/pgf/libraries/shapes/pgf
libraryshapes.arrows.code.tex
File: pgflibraryshapes.arrows.code.tex 2020/12/27 v3.1.8b (3.1.8b)
))
(C:/Users/Etude/AppData/Roaming/MiKTeX/2.9/tex/generic/pgf/frontendlayer/tikz/l
ibraries/tikzlibraryshapes.symbols.code.tex
File: tikzlibraryshapes.symbols.code.tex 2020/12/27 v3.1.8b (3.1.8b)

(C:/Users/Etude/AppData/Roaming/MiKTeX/2.9/tex/generic/pgf/libraries/shapes/pgf
libraryshapes.symbols.code.tex
File: pgflibraryshapes.symbols.code.tex 2020/12/27 v3.1.8b (3.1.8b)
))
\pgf@layerbox@smart diagram arrow back=\box59
\pgf@layerboxsaved@smart diagram arrow back=\box60

(C:/Users/Etude/AppData/Roaming/MiKTeX/2.9/tex/latex/smartdiagram/smartdiagraml
ibrarycore.definitions.code.tex)
(C:/Users/Etude/AppData/Roaming/MiKTeX/2.9/tex/latex/smartdiagram/smartdiagraml
ibrarycore.styles.code.tex)
(C:/Users/Etude/AppData/Roaming/MiKTeX/2.9/tex/latex/smartdiagram/smartdiagraml
ibrarycore.commands.code.tex))
(C:/Users/Etude/AppData/Roaming/MiKTeX/2.9/tex/latex/float/float.sty
Package: float 2001/11/08 v1.3d Float enhancements (AL)
\c@float@type=\count300
\float@exts=\toks33
\float@box=\box61
\@float@everytoks=\toks34
\@floatcapt=\box62
)
("./Compte Rendu.aux")
\openout1 = Compte Rendu.aux

LaTeX Font Info:    Checking defaults for OML/cmm/m/it on input line 34.
LaTeX Font Info:    ... okay on input line 34.
LaTeX Font Info:    Checking defaults for T1/cmr/m/n on input line 34.
LaTeX Font Info:    ... okay on input line 34.
LaTeX Font Info:    Checking defaults for OT1/cmr/m/n on input line 34.
LaTeX Font Info:    ... okay on input line 34.
LaTeX Font Info:    Checking defaults for OMS/cmsy/m/n on input line 34.
LaTeX Font Info:    ... okay on input line 34.
LaTeX Font Info:    Checking defaults for TU/lmr/m/n on input line 34.
LaTeX Font Info:    ... okay on input line 34.
LaTeX Font Info:    Checking defaults for OMX/cmex/m/n on input line 34.
LaTeX Font Info:    ... okay on input line 34.
LaTeX Font Info:    Checking defaults for U/cmr/m/n on input line 34.
LaTeX Font Info:    ... okay on input line 34.
LaTeX Font Info:    Checking defaults for PD1/pdf/m/n on input line 34.
LaTeX Font Info:    ... okay on input line 34.
LaTeX Font Info:    Checking defaults for PU/pdf/m/n on input line 34.
LaTeX Font Info:    ... okay on input line 34.

Package fontspec Info: Adjusting the maths setup (use [no-math] to avoid
(fontspec)             this).

\symlegacymaths=\mathgroup4
LaTeX Font Info:    Overwriting symbol font `legacymaths' in version `bold'
(Font)                  OT1/cmr/m/n --> OT1/cmr/bx/n on input line 34.
LaTeX Font Info:    Redeclaring math accent \acute on input line 34.
LaTeX Font Info:    Redeclaring math accent \grave on input line 34.
LaTeX Font Info:    Redeclaring math accent \ddot on input line 34.
LaTeX Font Info:    Redeclaring math accent \tilde on input line 34.
LaTeX Font Info:    Redeclaring math accent \bar on input line 34.
LaTeX Font Info:    Redeclaring math accent \breve on input line 34.
LaTeX Font Info:    Redeclaring math accent \check on input line 34.
LaTeX Font Info:    Redeclaring math accent \hat on input line 34.
LaTeX Font Info:    Redeclaring math accent \dot on input line 34.
LaTeX Font Info:    Redeclaring math accent \mathring on input line 34.
LaTeX Font Info:    Redeclaring math symbol \colon on input line 34.
LaTeX Font Info:    Redeclaring math symbol \Gamma on input line 34.
LaTeX Font Info:    Redeclaring math symbol \Delta on input line 34.
LaTeX Font Info:    Redeclaring math symbol \Theta on input line 34.
LaTeX Font Info:    Redeclaring math symbol \Lambda on input line 34.
LaTeX Font Info:    Redeclaring math symbol \Xi on input line 34.
LaTeX Font Info:    Redeclaring math symbol \Pi on input line 34.
LaTeX Font Info:    Redeclaring math symbol \Sigma on input line 34.
LaTeX Font Info:    Redeclaring math symbol \Upsilon on input line 34.
LaTeX Font Info:    Redeclaring math symbol \Phi on input line 34.
LaTeX Font Info:    Redeclaring math symbol \Psi on input line 34.
LaTeX Font Info:    Redeclaring math symbol \Omega on input line 34.
LaTeX Font Info:    Redeclaring math symbol \mathdollar on input line 34.
LaTeX Font Info:    Redeclaring symbol font `operators' on input line 34.
LaTeX Font Info:    Encoding `OT1' has changed to `TU' for symbol font
(Font)              `operators' in the math version `normal' on input line 34.
LaTeX Font Info:    Overwriting symbol font `operators' in version `normal'
(Font)                  OT1/cmr/m/n --> TU/lmr/m/n on input line 34.
LaTeX Font Info:    Encoding `OT1' has changed to `TU' for symbol font
(Font)              `operators' in the math version `bold' on input line 34.
LaTeX Font Info:    Overwriting symbol font `operators' in version `bold'
(Font)                  OT1/cmr/bx/n --> TU/lmr/m/n on input line 34.
LaTeX Font Info:    Overwriting symbol font `operators' in version `normal'
(Font)                  TU/lmr/m/n --> TU/lmr/m/n on input line 34.
LaTeX Font Info:    Overwriting math alphabet `\mathit' in version `normal'
(Font)                  OT1/cmr/m/it --> TU/lmr/m/it on input line 34.
LaTeX Font Info:    Overwriting math alphabet `\mathbf' in version `normal'
(Font)                  OT1/cmr/bx/n --> TU/lmr/bx/n on input line 34.
LaTeX Font Info:    Overwriting math alphabet `\mathsf' in version `normal'
(Font)                  OT1/cmss/m/n --> TU/lmss/m/n on input line 34.
LaTeX Font Info:    Overwriting math alphabet `\mathtt' in version `normal'
(Font)                  OT1/cmtt/m/n --> TU/lmtt/m/n on input line 34.
LaTeX Font Info:    Overwriting symbol font `operators' in version `bold'
(Font)                  TU/lmr/m/n --> TU/lmr/bx/n on input line 34.
LaTeX Font Info:    Overwriting math alphabet `\mathit' in version `bold'
(Font)                  OT1/cmr/bx/it --> TU/lmr/bx/it on input line 34.
LaTeX Font Info:    Overwriting math alphabet `\mathsf' in version `bold'
(Font)                  OT1/cmss/bx/n --> TU/lmss/bx/n on input line 34.
LaTeX Font Info:    Overwriting math alphabet `\mathtt' in version `bold'
(Font)                  OT1/cmtt/m/n --> TU/lmtt/bx/n on input line 34.

("C:/Program Files/MiKTeX 2.9/tex/context/base/mkii/supp-pdf.mkii"
[Loading MPS to PDF converter (version 2006.09.02).]
\scratchcounter=\count301
\scratchdimen=\dimen267
\scratchbox=\box63
\nofMPsegments=\count302
\nofMParguments=\count303
\everyMPshowfont=\toks35
\MPscratchCnt=\count304
\MPscratchDim=\dimen268
\MPnumerator=\count305
\makeMPintoPDFobject=\count306
\everyMPtoPDFconversion=\toks36
) ("C:/Program Files/MiKTeX 2.9/tex/latex/epstopdf-pkg/epstopdf-base.sty"
Package: epstopdf-base 2019-12-09 v2.10 Base part for package epstopdf
Package epstopdf-base Info: Redefining graphics rule for `.eps' on input line 48
5.
)
*geometry* driver: auto-detecting
*geometry* detected driver: luatex
*geometry* verbose mode - [ preamble ] result:
* driver: luatex
* paper: a4paper
* layout: <same size as paper>
* layoutoffset:(h,v)=(0.0pt,0.0pt)
* modes: 
* h-part:(L,W,R)=(56.9055pt, 483.69687pt, 56.9055pt)
* v-part:(T,H,B)=(85.35826pt, 674.33032pt, 85.35826pt)
* \paperwidth=597.50787pt
* \paperheight=845.04684pt
* \textwidth=483.69687pt
* \textheight=674.33032pt
* \oddsidemargin=-15.36449pt
* \evensidemargin=-15.36449pt
* \topmargin=-23.91173pt
* \headheight=12.0pt
* \headsep=25.0pt
* \topskip=10.0pt
* \footskip=30.0pt
* \marginparwidth=65.0pt
* \marginparsep=11.0pt
* \columnsep=10.0pt
* \skip\footins=9.0pt plus 4.0pt minus 2.0pt
* \hoffset=0.0pt
* \voffset=0.0pt
* \mag=1000
* \@twocolumnfalse
* \@twosidefalse
* \@mparswitchfalse
* \@reversemarginfalse
* (1in=72.27pt=25.4mm, 1cm=28.453pt)

LaTeX Info: Redefining \dots on input line 34.
LaTeX Info: Redefining \up on input line 34.
Package lastpage Info: Please have a look at the pageslts package at
(lastpage)             https://www.ctan.org/pkg/pageslts
(lastpage)             ! on input line 34.
\AtBeginShipoutBox=\box64
Package hyperref Info: Link coloring OFF on input line 34.
("C:/Program Files/MiKTeX 2.9/tex/latex/hyperref/nameref.sty"
Package: nameref 2019/09/16 v2.46 Cross-referencing by name of section

(C:/Users/Etude/AppData/Roaming/MiKTeX/2.9/tex/latex/refcount/refcount.sty
Package: refcount 2019/12/15 v3.6 Data extraction from label references (HO)
)
(C:/Users/Etude/AppData/Roaming/MiKTeX/2.9/tex/generic/gettitlestring/gettitles
tring.sty
Package: gettitlestring 2019/12/15 v1.6 Cleanup title references (HO)
)
\c@section@level=\count307
)
LaTeX Info: Redefining \ref on input line 34.
LaTeX Info: Redefining \pageref on input line 34.
LaTeX Info: Redefining \nameref on input line 34.
 ("./Compte Rendu.out") ("./Compte Rendu.out")
\@outlinefile=\write4

\openout4 = Compte Rendu.out

ABD: EveryShipout initializing macros
LaTeX Font Info:    External font `cmex10' loaded for size
(Font)              <12> on input line 36.
LaTeX Font Info:    External font `cmex10' loaded for size
(Font)              <8> on input line 36.
LaTeX Font Info:    External font `cmex10' loaded for size
(Font)              <6> on input line 36.
 [1

{C:/Users/Etude/AppData/Local/MiKTeX/2.9/pdftex/config/pdftex.map}] ("./Compte 
Rendu.toc"
LaTeX Font Info:    External font `cmex10' loaded for size
(Font)              <7> on input line 2.
LaTeX Font Info:    External font `cmex10' loaded for size
(Font)              <5> on input line 2.
)
\tf@toc=\write5

\openout5 = Compte Rendu.toc


Package Fancyhdr Warning: \headheight is too small (12.0pt): 
Make it at least 12.66003pt.
We now make it that large for the rest of the document.
This may cause the page layout to be inconsistent, however.

<images/CyTech_Logo.jpg, id=87, 169.38281pt x 98.61844pt>
File: images/CyTech_Logo.jpg Graphic file (type jpg)
<use images/CyTech_Logo.jpg>
Package luatex.def Info: images/CyTech_Logo.jpg  used on input line 39.
(luatex.def)             Requested size: 42.3456pt x 24.65454pt.

warning  (pdf backend): ignoring duplicate destination with the name 'page.1'
[1


<./images/CyTech_Logo.jpg>]
Underfull \hbox (badness 10000) in paragraph at lines 48--49

 []


Overfull \hbox (21.79999pt too wide) in paragraph at lines 60--61
[][] 
 []

<images/insert_image_here.jpg, id=97, 274.02374pt x 205.76875pt>
File: images/insert_image_here.jpg Graphic file (type jpg)
<use images/insert_image_here.jpg>
Package luatex.def Info: images/insert_image_here.jpg  used on input line 75.
(luatex.def)             Requested size: 164.41551pt x 123.46219pt.
File: images/CyTech_Logo.jpg Graphic file (type jpg)
<use images/CyTech_Logo.jpg>
Package luatex.def Info: images/CyTech_Logo.jpg  used on input line 82.
(luatex.def)             Requested size: 42.3456pt x 24.65454pt.
[2


warning  (pdf backend): ignoring duplicate destination with the name 'figure.0.1
'
<./images/insert_image_here.jpg>]
<images/modele_lsystem.PNG, id=114, 618.81187pt x 32.37094pt>
File: images/modele_lsystem.PNG Graphic file (type png)
<use images/modele_lsystem.PNG>
Package luatex.def Info: images/modele_lsystem.PNG  used on input line 110.
(luatex.def)             Requested size: 433.16536pt x 22.65948pt.

Underfull \hbox (badness 10000) in paragraph at lines 127--128

 []

<images/action_switcher.PNG, id=115, 246.1697pt x 141.52875pt>
File: images/action_switcher.PNG Graphic file (type png)
<use images/action_switcher.PNG>
Package luatex.def Info: images/action_switcher.PNG  used on input line 133.
(luatex.def)             Requested size: 172.3176pt x 99.06944pt.

LaTeX Warning: `h' float specifier changed to `ht'.


Underfull \hbox (badness 10000) in paragraph at lines 138--139

 []

File: images/CyTech_Logo.jpg Graphic file (type jpg)
<use images/CyTech_Logo.jpg>
Package luatex.def Info: images/CyTech_Logo.jpg  used on input line 141.
(luatex.def)             Requested size: 42.3456pt x 24.65454pt.
[3
warning  (pdf backend): ignoring duplicate destination with the name 'figure.0.2
'
<./images/modele_lsystem.PNG>] 
AED: lastpage setting LastPage
File: images/CyTech_Logo.jpg Graphic file (type jpg)
<use images/CyTech_Logo.jpg>
Package luatex.def Info: images/CyTech_Logo.jpg  used on input line 151.
(luatex.def)             Requested size: 42.3456pt x 24.65454pt.
[4
warning  (pdf backend): ignoring duplicate destination with the name 'figure.0.3
'
<./images/action_switcher.PNG>]
Package atveryend Info: Empty hook `BeforeClearDocument' on input line 151.
Package atveryend Info: Empty hook `AfterLastShipout' on input line 151.
 ("./Compte Rendu.aux")
Package atveryend Info: Executing hook `AtVeryEndDocument' on input line 151.
Package atveryend Info: Executing hook `AtEndAfterFileList' on input line 151.
Package rerunfilecheck Info: File `"Compte Rendu".out' has not changed.
(rerunfilecheck)             Checksum: <no file>.
Package atveryend Info: Empty hook `AtVeryVeryEnd' on input line 151.
)

Here is how much of LuaTeX's memory you used:
 37390 strings out of 493863
 100000,953878 words of node,token memory allocated
 2907 words of node memory still in use:
   33 hlist, 1 vlist, 10 rule, 47 glue, 3 kern, 1 penalty, 2 glyph, 698 attribut
e, 52 glue_spec, 115 attribute_list, 3 write, 39 pdf_literal, 18 pdf_colorstack 
nodes
   avail lists: 1:4,2:2911,3:256,4:26,5:199,6:29,7:3531,8:20,9:206,10:14,11:275
 41035 multiletter control sequences out of 65536+200000
 59 fonts using 8704839 bytes
 64i,15n,76p,977b,2144s stack positions out of 5000i,500n,10000p,200000b,50000s
<c:/program files/miktex 2.9/fonts/opentype/public/lm/lmroman8-regular.otf><c:/p
rogram files/miktex 2.9/fonts/opentype/public/lm/lmroman10-bold.otf><c:/program 
files/miktex 2.9/fonts/opentype/public/lm/lmroman12-bold.otf><c:/program files/m
iktex 2.9/fonts/opentype/public/lm/lmroman10-regular.otf><c:/program files/mikte
x 2.9/fonts/opentype/public/lm/lmroman10-italic.otf><c:/program files/miktex 2.9
/fonts/opentype/public/lm/lmroman12-regular.otf><c:/program files/miktex 2.9/fon
ts/opentype/public/lm/lmromancaps10-regular.otf><c:/program files/miktex 2.9/fon
ts/opentype/public/lm/lmroman17-regular.otf>
Output written on Compte Rendu.pdf (5 pages, 115009 bytes).

PDF statistics: 199 PDF objects out of 1000 (max. 8388607)
 39 named destinations out of 1000 (max. 131072)
 268 words of extra memory for PDF output out of 10000 (max. 100000000)

